mode: set
github.com/moyu/bookings/cmd/web/main.go:50.13,52.16 2 0
github.com/moyu/bookings/cmd/web/main.go:56.2,64.16 4 0
github.com/moyu/bookings/cmd/web/main.go:52.16,54.3 1 0
github.com/moyu/bookings/cmd/web/main.go:68.18,84.16 10 1
github.com/moyu/bookings/cmd/web/main.go:89.2,97.12 6 1
github.com/moyu/bookings/cmd/web/main.go:84.16,87.3 2 0
github.com/moyu/bookings/cmd/web/middleware.go:19.45,29.2 3 1
github.com/moyu/bookings/cmd/web/middleware.go:32.50,34.2 1 1
github.com/moyu/bookings/cmd/web/routes.go:14.49,40.2 18 1
