mode: set
github.com/moyu/bookings/internal/handlers/handlers.go:30.62,35.2 1 0
github.com/moyu/bookings/internal/handlers/handlers.go:38.51,43.2 1 1
github.com/moyu/bookings/internal/handlers/handlers.go:46.33,48.2 1 1
github.com/moyu/bookings/internal/handlers/handlers.go:51.67,53.2 1 1
github.com/moyu/bookings/internal/handlers/handlers.go:56.68,59.2 1 1
github.com/moyu/bookings/internal/handlers/handlers.go:62.74,64.9 2 1
github.com/moyu/bookings/internal/handlers/handlers.go:70.2,71.16 2 1
github.com/moyu/bookings/internal/handlers/handlers.go:77.2,96.4 10 1
github.com/moyu/bookings/internal/handlers/handlers.go:64.9,68.3 3 1
github.com/moyu/bookings/internal/handlers/handlers.go:71.16,75.3 3 1
github.com/moyu/bookings/internal/handlers/handlers.go:101.78,103.16 2 1
github.com/moyu/bookings/internal/handlers/handlers.go:109.2,116.16 5 1
github.com/moyu/bookings/internal/handlers/handlers.go:122.2,123.16 2 1
github.com/moyu/bookings/internal/handlers/handlers.go:129.2,130.16 2 1
github.com/moyu/bookings/internal/handlers/handlers.go:137.2,153.19 6 1
github.com/moyu/bookings/internal/handlers/handlers.go:165.2,166.16 2 1
github.com/moyu/bookings/internal/handlers/handlers.go:172.2,183.16 4 1
github.com/moyu/bookings/internal/handlers/handlers.go:189.2,191.66 2 1
github.com/moyu/bookings/internal/handlers/handlers.go:103.16,107.3 3 1
github.com/moyu/bookings/internal/handlers/handlers.go:116.16,120.3 3 1
github.com/moyu/bookings/internal/handlers/handlers.go:123.16,127.3 3 1
github.com/moyu/bookings/internal/handlers/handlers.go:130.16,134.3 3 1
github.com/moyu/bookings/internal/handlers/handlers.go:153.19,163.3 5 1
github.com/moyu/bookings/internal/handlers/handlers.go:166.16,170.3 3 1
github.com/moyu/bookings/internal/handlers/handlers.go:183.16,187.3 3 0
github.com/moyu/bookings/internal/handlers/handlers.go:196.71,198.2 1 1
github.com/moyu/bookings/internal/handlers/handlers.go:201.69,203.2 1 1
github.com/moyu/bookings/internal/handlers/handlers.go:206.75,208.2 1 1
github.com/moyu/bookings/internal/handlers/handlers.go:211.79,217.16 5 0
github.com/moyu/bookings/internal/handlers/handlers.go:221.2,222.16 2 0
github.com/moyu/bookings/internal/handlers/handlers.go:227.2,228.16 2 0
github.com/moyu/bookings/internal/handlers/handlers.go:233.2,233.21 1 0
github.com/moyu/bookings/internal/handlers/handlers.go:240.2,252.4 5 0
github.com/moyu/bookings/internal/handlers/handlers.go:217.16,220.3 2 0
github.com/moyu/bookings/internal/handlers/handlers.go:222.16,225.3 2 0
github.com/moyu/bookings/internal/handlers/handlers.go:228.16,231.3 2 0
github.com/moyu/bookings/internal/handlers/handlers.go:233.21,238.3 3 0
github.com/moyu/bookings/internal/handlers/handlers.go:265.79,286.16 10 0
github.com/moyu/bookings/internal/handlers/handlers.go:292.2,293.14 2 0
github.com/moyu/bookings/internal/handlers/handlers.go:286.16,289.3 2 0
github.com/moyu/bookings/internal/handlers/handlers.go:297.70,299.2 1 1
github.com/moyu/bookings/internal/handlers/handlers.go:302.81,305.9 2 0
github.com/moyu/bookings/internal/handlers/handlers.go:312.2,326.4 9 0
github.com/moyu/bookings/internal/handlers/handlers.go:305.9,310.3 4 0
github.com/moyu/bookings/internal/handlers/handlers.go:330.73,332.16 2 0
github.com/moyu/bookings/internal/handlers/handlers.go:337.2,338.9 2 0
github.com/moyu/bookings/internal/handlers/handlers.go:342.2,345.63 3 0
github.com/moyu/bookings/internal/handlers/handlers.go:332.16,335.3 2 0
github.com/moyu/bookings/internal/handlers/handlers.go:338.9,341.3 2 0
github.com/moyu/bookings/internal/handlers/handlers.go:349.71,361.16 9 0
github.com/moyu/bookings/internal/handlers/handlers.go:366.2,373.63 6 0
github.com/moyu/bookings/internal/handlers/handlers.go:361.16,364.3 2 0
